# JRE version: OpenJDK Runtime Environment Zulu17.52+17-CA (17.0.12+7) (build 17.0.12+7-LTS)
# Java VM: OpenJDK 64-Bit Server VM Zulu17.52+17-CA (17.0.12+7-LTS, mixed mode, sharing, tiered, compressed oops, compressed class ptrs, g1 gc, windows-amd64)
GC Precious Log:
 CPUs: 16 total, 16 available
 Memory: 7895M
 Large Page Support: Disabled
 NUMA Support: Disabled
 Compressed Oops: Enabled (32-bit)
 Heap Region Size: 1M
 Heap Min Capacity: 8M
 Heap Initial Capacity: 124M
 Heap Max Capacity: 1974M
 Pre-touch: Disabled
 Parallel Workers: 13
 Concurrent Workers: 3
 Concurrent Refinement Workers: 13
 Periodic GC: Disabled
Heap:
 garbage-first heap   total 163840K, used 73077K [0x0000000084a00000, 0x0000000100000000)
  region size 1024K, 28 young (28672K), 1 survivors (1024K)
 Metaspace       used 33102K, committed 33472K, reserved 1114112K
  class space    used 3911K, committed 4096K, reserved 1048576K
GC Heap History (20 events):
Event: 1.784 GC heap before
{Heap before GC invocations=1 (full 0):
 garbage-first heap   total 126976K, used 35440K [0x0000000084a00000, 0x0000000100000000)
  region size 1024K, 34 young (34816K), 3 survivors (3072K)
 Metaspace       used 9803K, committed 9984K, reserved 1114112K
  class space    used 1182K, committed 1280K, reserved 1048576K
}
Event: 1.791 GC heap after
{Heap after GC invocations=2 (full 0):
 garbage-first heap   total 126976K, used 5500K [0x0000000084a00000, 0x0000000100000000)
  region size 1024K, 2 young (2048K), 2 survivors (2048K)
 Metaspace       used 9803K, committed 9984K, reserved 1114112K
  class space    used 1182K, committed 1280K, reserved 1048576K
}
Event: 3.998 GC heap before
{Heap before GC invocations=2 (full 0):
 garbage-first heap   total 126976K, used 79228K [0x0000000084a00000, 0x0000000100000000)
  region size 1024K, 74 young (75776K), 2 survivors (2048K)
 Metaspace       used 15902K, committed 16128K, reserved 1114112K
  class space    used 1883K, committed 1984K, reserved 1048576K
}
Event: 4.020 GC heap after
{Heap after GC invocations=3 (full 0):
 garbage-first heap   total 126976K, used 13425K [0x0000000084a00000, 0x0000000100000000)
  region size 1024K, 10 young (10240K), 10 survivors (10240K)
 Metaspace       used 15902K, committed 16128K, reserved 1114112K
  class space    used 1883K, committed 1984K, reserved 1048576K
}
Event: 7.444 GC heap before
{Heap before GC invocations=3 (full 0):
 garbage-first heap   total 126976K, used 78961K [0x0000000084a00000, 0x0000000100000000)
  region size 1024K, 74 young (75776K), 10 survivors (10240K)
 Metaspace       used 17302K, committed 17536K, reserved 1114112K
  class space    used 1992K, committed 2112K, reserved 1048576K
}
Event: 7.469 GC heap after
{Heap after GC invocations=4 (full 0):
 garbage-first heap   total 126976K, used 16073K [0x0000000084a00000, 0x0000000100000000)
  region size 1024K, 4 young (4096K), 4 survivors (4096K)
 Metaspace       used 17302K, committed 17536K, reserved 1114112K
  class space    used 1992K, committed 2112K, reserved 1048576K
}
Event: 10.696 GC heap before
{Heap before GC invocations=4 (full 0):
 garbage-first heap   total 126976K, used 87753K [0x0000000084a00000, 0x0000000100000000)
  region size 1024K, 74 young (75776K), 4 survivors (4096K)
 Metaspace       used 21031K, committed 21312K, reserved 1114112K
  class space    used 2505K, committed 2624K, reserved 1048576K
}
Event: 10.709 GC heap after
{Heap after GC invocations=5 (full 0):
 garbage-first heap   total 126976K, used 20107K [0x0000000084a00000, 0x0000000100000000)
  region size 1024K, 8 young (8192K), 8 survivors (8192K)
 Metaspace       used 21031K, committed 21312K, reserved 1114112K
  class space    used 2505K, committed 2624K, reserved 1048576K
}
Event: 10.937 GC heap before
{Heap before GC invocations=5 (full 0):
 garbage-first heap   total 126976K, used 27275K [0x0000000084a00000, 0x0000000100000000)
  region size 1024K, 16 young (16384K), 8 survivors (8192K)
 Metaspace       used 21300K, committed 21504K, reserved 1114112K
  class space    used 2521K, committed 2624K, reserved 1048576K
}
Event: 10.950 GC heap after
{Heap after GC invocations=6 (full 0):
 garbage-first heap   total 126976K, used 20978K [0x0000000084a00000, 0x0000000100000000)
  region size 1024K, 5 young (5120K), 5 survivors (5120K)
 Metaspace       used 21300K, committed 21504K, reserved 1114112K
  class space    used 2521K, committed 2624K, reserved 1048576K
}
Event: 12.484 GC heap before
{Heap before GC invocations=7 (full 0):
 garbage-first heap   total 75776K, used 62962K [0x0000000084a00000, 0x0000000100000000)
  region size 1024K, 42 young (43008K), 5 survivors (5120K)
 Metaspace       used 29263K, committed 29568K, reserved 1114112K
  class space    used 3468K, committed 3584K, reserved 1048576K
}
Event: 12.507 GC heap after
{Heap after GC invocations=8 (full 0):
 garbage-first heap   total 81920K, used 36963K [0x0000000084a00000, 0x0000000100000000)
  region size 1024K, 6 young (6144K), 6 survivors (6144K)
 Metaspace       used 29263K, committed 29568K, reserved 1114112K
  class space    used 3468K, committed 3584K, reserved 1048576K
}
Event: 12.512 GC heap before
{Heap before GC invocations=8 (full 0):
 garbage-first heap   total 81920K, used 39011K [0x0000000084a00000, 0x0000000100000000)
  region size 1024K, 7 young (7168K), 6 survivors (6144K)
 Metaspace       used 29265K, committed 29568K, reserved 1114112K
  class space    used 3468K, committed 3584K, reserved 1048576K
}
Event: 12.524 GC heap after
{Heap after GC invocations=9 (full 0):
 garbage-first heap   total 81920K, used 39424K [0x0000000084a00000, 0x0000000100000000)
  region size 1024K, 1 young (1024K), 1 survivors (1024K)
 Metaspace       used 29265K, committed 29568K, reserved 1114112K
  class space    used 3468K, committed 3584K, reserved 1048576K
}
Event: 12.777 GC heap before
{Heap before GC invocations=9 (full 0):
 garbage-first heap   total 81920K, used 58880K [0x0000000084a00000, 0x0000000100000000)
  region size 1024K, 21 young (21504K), 1 survivors (1024K)
 Metaspace       used 29787K, committed 30080K, reserved 1114112K
  class space    used 3532K, committed 3648K, reserved 1048576K
}
Event: 12.786 GC heap after
{Heap after GC invocations=10 (full 0):
 garbage-first heap   total 81920K, used 44544K [0x0000000084a00000, 0x0000000100000000)
  region size 1024K, 3 young (3072K), 3 survivors (3072K)
 Metaspace       used 29787K, committed 30080K, reserved 1114112K
  class space    used 3532K, committed 3648K, reserved 1048576K
}
Event: 13.117 GC heap before
{Heap before GC invocations=11 (full 0):
 garbage-first heap   total 81920K, used 60928K [0x0000000084a00000, 0x0000000100000000)
  region size 1024K, 19 young (19456K), 3 survivors (3072K)
 Metaspace       used 30472K, committed 30784K, reserved 1114112K
  class space    used 3592K, committed 3712K, reserved 1048576K
}
Event: 13.128 GC heap after
{Heap after GC invocations=12 (full 0):
 garbage-first heap   total 81920K, used 48018K [0x0000000084a00000, 0x0000000100000000)
  region size 1024K, 3 young (3072K), 3 survivors (3072K)
 Metaspace       used 30472K, committed 30784K, reserved 1114112K
  class space    used 3592K, committed 3712K, reserved 1048576K
}
Event: 13.532 GC heap before
{Heap before GC invocations=12 (full 0):
 garbage-first heap   total 81920K, used 62354K [0x0000000084a00000, 0x0000000100000000)
  region size 1024K, 18 young (18432K), 3 survivors (3072K)
 Metaspace       used 31173K, committed 31488K, reserved 1114112K
  class space    used 3678K, committed 3840K, reserved 1048576K
}
Event: 13.538 GC heap after
{Heap after GC invocations=13 (full 0):
 garbage-first heap   total 197632K, used 48501K [0x0000000084a00000, 0x0000000100000000)
  region size 1024K, 1 young (1024K), 1 survivors (1024K)
 Metaspace       used 31173K, committed 31488K, reserved 1114112K
  class space    used 3678K, committed 3840K, reserved 1048576K
}

