# JRE version: OpenJDK Runtime Environment Temurin-21.0.6+7 (21.0.6+7) (build 21.0.6+7-LTS)
# Java VM: OpenJDK 64-Bit Server VM Temurin-21.0.6+7 (21.0.6+7-LTS, mixed mode, sharing, tiered, compressed oops, compressed class ptrs, parallel gc, windows-amd64)
GC Precious Log:
 CardTable entry size: 512
 CPUs: 16 total, 16 available
 Memory: 7895M
 Large Page Support: Disabled
 NUMA Support: Disabled
 Compressed Oops: Enabled (32-bit)
 Alignments: Space 512K, Generation 512K, Heap 2M
 Heap Min Capacity: 100M
 Heap Initial Capacity: 100M
 Heap Max Capacity: 1G
 Pre-touch: Disabled
 Parallel Workers: 13
Heap:
 PSYoungGen      total 17408K, used 3484K [0x00000000eab00000, 0x00000000ebf80000, 0x0000000100000000)
  eden space 13824K, 2% used [0x00000000eab00000,0x00000000eab53d78,0x00000000eb880000)
  from space 3584K, 87% used [0x00000000eb980000,0x00000000ebc93468,0x00000000ebd00000)
  to   space 2560K, 0% used [0x00000000ebd00000,0x00000000ebd00000,0x00000000ebf80000)
 ParOldGen       total 82432K, used 82348K [0x00000000c0000000, 0x00000000c5080000, 0x00000000eab00000)
  object space 82432K, 99% used [0x00000000c0000000,0x00000000c506b318,0x00000000c5080000)
 Metaspace       used 53481K, committed 54720K, reserved 1114112K
  class space    used 5680K, committed 6272K, reserved 1048576K
GC Heap History (20 events):
Event: 17.155 GC heap after
{Heap after GC invocations=29 (full 2):
 PSYoungGen      total 24064K, used 3055K [0x00000000eab00000, 0x00000000ece80000, 0x0000000100000000)
  eden space 20992K, 0% used [0x00000000eab00000,0x00000000eab00000,0x00000000ebf80000)
  from space 3072K, 99% used [0x00000000ebf80000,0x00000000ec27bf88,0x00000000ec280000)
  to   space 7680K, 0% used [0x00000000ec700000,0x00000000ec700000,0x00000000ece80000)
 ParOldGen       total 68608K, used 45663K [0x00000000c0000000, 0x00000000c4300000, 0x00000000eab00000)
  object space 68608K, 66% used [0x00000000c0000000,0x00000000c2c97de8,0x00000000c4300000)
 Metaspace       used 52038K, committed 53248K, reserved 1114112K
  class space    used 5534K, committed 6080K, reserved 1048576K
}
Event: 17.623 GC heap before
{Heap before GC invocations=30 (full 2):
 PSYoungGen      total 24064K, used 24047K [0x00000000eab00000, 0x00000000ece80000, 0x0000000100000000)
  eden space 20992K, 100% used [0x00000000eab00000,0x00000000ebf80000,0x00000000ebf80000)
  from space 3072K, 99% used [0x00000000ebf80000,0x00000000ec27bf88,0x00000000ec280000)
  to   space 7680K, 0% used [0x00000000ec700000,0x00000000ec700000,0x00000000ece80000)
 ParOldGen       total 68608K, used 45663K [0x00000000c0000000, 0x00000000c4300000, 0x00000000eab00000)
  object space 68608K, 66% used [0x00000000c0000000,0x00000000c2c97de8,0x00000000c4300000)
 Metaspace       used 52816K, committed 54080K, reserved 1114112K
  class space    used 5615K, committed 6208K, reserved 1048576K
}
Event: 17.649 GC heap after
{Heap after GC invocations=30 (full 2):
 PSYoungGen      total 25088K, used 3714K [0x00000000eab00000, 0x00000000ecb00000, 0x0000000100000000)
  eden space 20992K, 0% used [0x00000000eab00000,0x00000000eab00000,0x00000000ebf80000)
  from space 4096K, 90% used [0x00000000ec700000,0x00000000ecaa0b58,0x00000000ecb00000)
  to   space 5120K, 0% used [0x00000000ec100000,0x00000000ec100000,0x00000000ec600000)
 ParOldGen       total 68608K, used 48249K [0x00000000c0000000, 0x00000000c4300000, 0x00000000eab00000)
  object space 68608K, 70% used [0x00000000c0000000,0x00000000c2f1e580,0x00000000c4300000)
 Metaspace       used 52816K, committed 54080K, reserved 1114112K
  class space    used 5615K, committed 6208K, reserved 1048576K
}
Event: 18.303 GC heap before
{Heap before GC invocations=31 (full 2):
 PSYoungGen      total 25088K, used 24706K [0x00000000eab00000, 0x00000000ecb00000, 0x0000000100000000)
  eden space 20992K, 100% used [0x00000000eab00000,0x00000000ebf80000,0x00000000ebf80000)
  from space 4096K, 90% used [0x00000000ec700000,0x00000000ecaa0b58,0x00000000ecb00000)
  to   space 5120K, 0% used [0x00000000ec100000,0x00000000ec100000,0x00000000ec600000)
 ParOldGen       total 68608K, used 48249K [0x00000000c0000000, 0x00000000c4300000, 0x00000000eab00000)
  object space 68608K, 70% used [0x00000000c0000000,0x00000000c2f1e580,0x00000000c4300000)
 Metaspace       used 53227K, committed 54400K, reserved 1114112K
  class space    used 5657K, committed 6208K, reserved 1048576K
}
Event: 18.422 GC heap after
{Heap after GC invocations=31 (full 2):
 PSYoungGen      total 25088K, used 3757K [0x00000000eab00000, 0x00000000ec780000, 0x0000000100000000)
  eden space 20992K, 0% used [0x00000000eab00000,0x00000000eab00000,0x00000000ebf80000)
  from space 4096K, 91% used [0x00000000ec100000,0x00000000ec4ab6a0,0x00000000ec500000)
  to   space 2560K, 0% used [0x00000000ec500000,0x00000000ec500000,0x00000000ec780000)
 ParOldGen       total 68608K, used 51695K [0x00000000c0000000, 0x00000000c4300000, 0x00000000eab00000)
  object space 68608K, 75% used [0x00000000c0000000,0x00000000c327bca0,0x00000000c4300000)
 Metaspace       used 53227K, committed 54400K, reserved 1114112K
  class space    used 5657K, committed 6208K, reserved 1048576K
}
Event: 20.920 GC heap before
{Heap before GC invocations=32 (full 2):
 PSYoungGen      total 25088K, used 24749K [0x00000000eab00000, 0x00000000ec780000, 0x0000000100000000)
  eden space 20992K, 100% used [0x00000000eab00000,0x00000000ebf80000,0x00000000ebf80000)
  from space 4096K, 91% used [0x00000000ec100000,0x00000000ec4ab6a0,0x00000000ec500000)
  to   space 2560K, 0% used [0x00000000ec500000,0x00000000ec500000,0x00000000ec780000)
 ParOldGen       total 68608K, used 51695K [0x00000000c0000000, 0x00000000c4300000, 0x00000000eab00000)
  object space 68608K, 75% used [0x00000000c0000000,0x00000000c327bca0,0x00000000c4300000)
 Metaspace       used 53341K, committed 54592K, reserved 1114112K
  class space    used 5673K, committed 6272K, reserved 1048576K
}
Event: 20.980 GC heap after
{Heap after GC invocations=32 (full 2):
 PSYoungGen      total 20480K, used 2538K [0x00000000eab00000, 0x00000000ed080000, 0x0000000100000000)
  eden space 17920K, 0% used [0x00000000eab00000,0x00000000eab00000,0x00000000ebc80000)
  from space 2560K, 99% used [0x00000000ec500000,0x00000000ec77aaf8,0x00000000ec780000)
  to   space 8704K, 0% used [0x00000000ebc80000,0x00000000ebc80000,0x00000000ec500000)
 ParOldGen       total 68608K, used 57083K [0x00000000c0000000, 0x00000000c4300000, 0x00000000eab00000)
  object space 68608K, 83% used [0x00000000c0000000,0x00000000c37befb0,0x00000000c4300000)
 Metaspace       used 53341K, committed 54592K, reserved 1114112K
  class space    used 5673K, committed 6272K, reserved 1048576K
}
Event: 21.772 GC heap before
{Heap before GC invocations=33 (full 2):
 PSYoungGen      total 20480K, used 20458K [0x00000000eab00000, 0x00000000ed080000, 0x0000000100000000)
  eden space 17920K, 100% used [0x00000000eab00000,0x00000000ebc80000,0x00000000ebc80000)
  from space 2560K, 99% used [0x00000000ec500000,0x00000000ec77aaf8,0x00000000ec780000)
  to   space 8704K, 0% used [0x00000000ebc80000,0x00000000ebc80000,0x00000000ec500000)
 ParOldGen       total 68608K, used 57083K [0x00000000c0000000, 0x00000000c4300000, 0x00000000eab00000)
  object space 68608K, 83% used [0x00000000c0000000,0x00000000c37befb0,0x00000000c4300000)
 Metaspace       used 53343K, committed 54592K, reserved 1114112K
  class space    used 5673K, committed 6272K, reserved 1048576K
}
Event: 21.856 GC heap after
{Heap after GC invocations=33 (full 2):
 PSYoungGen      total 22528K, used 4599K [0x00000000eab00000, 0x00000000ec880000, 0x0000000100000000)
  eden space 17920K, 0% used [0x00000000eab00000,0x00000000eab00000,0x00000000ebc80000)
  from space 4608K, 99% used [0x00000000ebc80000,0x00000000ec0fddc0,0x00000000ec100000)
  to   space 6144K, 0% used [0x00000000ec280000,0x00000000ec280000,0x00000000ec880000)
 ParOldGen       total 68608K, used 59399K [0x00000000c0000000, 0x00000000c4300000, 0x00000000eab00000)
  object space 68608K, 86% used [0x00000000c0000000,0x00000000c3a01c40,0x00000000c4300000)
 Metaspace       used 53343K, committed 54592K, reserved 1114112K
  class space    used 5673K, committed 6272K, reserved 1048576K
}
Event: 22.623 GC heap before
{Heap before GC invocations=34 (full 2):
 PSYoungGen      total 22528K, used 22519K [0x00000000eab00000, 0x00000000ec880000, 0x0000000100000000)
  eden space 17920K, 100% used [0x00000000eab00000,0x00000000ebc80000,0x00000000ebc80000)
  from space 4608K, 99% used [0x00000000ebc80000,0x00000000ec0fddc0,0x00000000ec100000)
  to   space 6144K, 0% used [0x00000000ec280000,0x00000000ec280000,0x00000000ec880000)
 ParOldGen       total 68608K, used 59399K [0x00000000c0000000, 0x00000000c4300000, 0x00000000eab00000)
  object space 68608K, 86% used [0x00000000c0000000,0x00000000c3a01c40,0x00000000c4300000)
 Metaspace       used 53370K, committed 54592K, reserved 1114112K
  class space    used 5677K, committed 6272K, reserved 1048576K
}
Event: 22.640 GC heap after
{Heap after GC invocations=34 (full 2):
 PSYoungGen      total 22528K, used 4405K [0x00000000eab00000, 0x00000000ec700000, 0x0000000100000000)
  eden space 17920K, 0% used [0x00000000eab00000,0x00000000eab00000,0x00000000ebc80000)
  from space 4608K, 95% used [0x00000000ec280000,0x00000000ec6cd7f8,0x00000000ec700000)
  to   space 5120K, 0% used [0x00000000ebd00000,0x00000000ebd00000,0x00000000ec200000)
 ParOldGen       total 68608K, used 63747K [0x00000000c0000000, 0x00000000c4300000, 0x00000000eab00000)
  object space 68608K, 92% used [0x00000000c0000000,0x00000000c3e40d60,0x00000000c4300000)
 Metaspace       used 53370K, committed 54592K, reserved 1114112K
  class space    used 5677K, committed 6272K, reserved 1048576K
}
Event: 25.966 GC heap before
{Heap before GC invocations=35 (full 2):
 PSYoungGen      total 22528K, used 22325K [0x00000000eab00000, 0x00000000ec700000, 0x0000000100000000)
  eden space 17920K, 100% used [0x00000000eab00000,0x00000000ebc80000,0x00000000ebc80000)
  from space 4608K, 95% used [0x00000000ec280000,0x00000000ec6cd7f8,0x00000000ec700000)
  to   space 5120K, 0% used [0x00000000ebd00000,0x00000000ebd00000,0x00000000ec200000)
 ParOldGen       total 68608K, used 63747K [0x00000000c0000000, 0x00000000c4300000, 0x00000000eab00000)
  object space 68608K, 92% used [0x00000000c0000000,0x00000000c3e40d60,0x00000000c4300000)
 Metaspace       used 53394K, committed 54592K, reserved 1114112K
  class space    used 5677K, committed 6272K, reserved 1048576K
}
Event: 26.097 GC heap after
{Heap after GC invocations=35 (full 2):
 PSYoungGen      total 22528K, used 4278K [0x00000000eab00000, 0x00000000ec580000, 0x0000000100000000)
  eden space 17920K, 0% used [0x00000000eab00000,0x00000000eab00000,0x00000000ebc80000)
  from space 4608K, 92% used [0x00000000ebd00000,0x00000000ec12d910,0x00000000ec180000)
  to   space 4096K, 0% used [0x00000000ec180000,0x00000000ec180000,0x00000000ec580000)
 ParOldGen       total 68608K, used 67770K [0x00000000c0000000, 0x00000000c4300000, 0x00000000eab00000)
  object space 68608K, 98% used [0x00000000c0000000,0x00000000c422e8a0,0x00000000c4300000)
 Metaspace       used 53394K, committed 54592K, reserved 1114112K
  class space    used 5677K, committed 6272K, reserved 1048576K
}
Event: 27.458 GC heap before
{Heap before GC invocations=36 (full 2):
 PSYoungGen      total 22528K, used 22198K [0x00000000eab00000, 0x00000000ec580000, 0x0000000100000000)
  eden space 17920K, 100% used [0x00000000eab00000,0x00000000ebc80000,0x00000000ebc80000)
  from space 4608K, 92% used [0x00000000ebd00000,0x00000000ec12d910,0x00000000ec180000)
  to   space 4096K, 0% used [0x00000000ec180000,0x00000000ec180000,0x00000000ec580000)
 ParOldGen       total 68608K, used 67770K [0x00000000c0000000, 0x00000000c4300000, 0x00000000eab00000)
  object space 68608K, 98% used [0x00000000c0000000,0x00000000c422e8a0,0x00000000c4300000)
 Metaspace       used 53395K, committed 54592K, reserved 1114112K
  class space    used 5677K, committed 6272K, reserved 1048576K
}
Event: 27.805 GC heap after
{Heap after GC invocations=36 (full 2):
 PSYoungGen      total 17920K, used 4069K [0x00000000eab00000, 0x00000000ece80000, 0x0000000100000000)
  eden space 13824K, 0% used [0x00000000eab00000,0x00000000eab00000,0x00000000eb880000)
  from space 4096K, 99% used [0x00000000ec180000,0x00000000ec579518,0x00000000ec580000)
  to   space 9216K, 0% used [0x00000000eb880000,0x00000000eb880000,0x00000000ec180000)
 ParOldGen       total 72192K, used 71780K [0x00000000c0000000, 0x00000000c4680000, 0x00000000eab00000)
  object space 72192K, 99% used [0x00000000c0000000,0x00000000c4619250,0x00000000c4680000)
 Metaspace       used 53395K, committed 54592K, reserved 1114112K
  class space    used 5677K, committed 6272K, reserved 1048576K
}
Event: 30.135 GC heap before
{Heap before GC invocations=37 (full 2):
 PSYoungGen      total 17920K, used 17893K [0x00000000eab00000, 0x00000000ece80000, 0x0000000100000000)
  eden space 13824K, 100% used [0x00000000eab00000,0x00000000eb880000,0x00000000eb880000)
  from space 4096K, 99% used [0x00000000ec180000,0x00000000ec579518,0x00000000ec580000)
  to   space 9216K, 0% used [0x00000000eb880000,0x00000000eb880000,0x00000000ec180000)
 ParOldGen       total 72192K, used 71780K [0x00000000c0000000, 0x00000000c4680000, 0x00000000eab00000)
  object space 72192K, 99% used [0x00000000c0000000,0x00000000c4619250,0x00000000c4680000)
 Metaspace       used 53401K, committed 54592K, reserved 1114112K
  class space    used 5677K, committed 6272K, reserved 1048576K
}
Event: 30.387 GC heap after
{Heap after GC invocations=37 (full 2):
 PSYoungGen      total 17920K, used 3906K [0x00000000eab00000, 0x00000000ec380000, 0x0000000100000000)
  eden space 13824K, 0% used [0x00000000eab00000,0x00000000eab00000,0x00000000eb880000)
  from space 4096K, 95% used [0x00000000eb880000,0x00000000ebc50ad0,0x00000000ebc80000)
  to   space 5632K, 0% used [0x00000000ebe00000,0x00000000ebe00000,0x00000000ec380000)
 ParOldGen       total 75776K, used 75703K [0x00000000c0000000, 0x00000000c4a00000, 0x00000000eab00000)
  object space 75776K, 99% used [0x00000000c0000000,0x00000000c49edc00,0x00000000c4a00000)
 Metaspace       used 53401K, committed 54592K, reserved 1114112K
  class space    used 5677K, committed 6272K, reserved 1048576K
}
Event: 33.318 GC heap before
{Heap before GC invocations=38 (full 2):
 PSYoungGen      total 17920K, used 17730K [0x00000000eab00000, 0x00000000ec380000, 0x0000000100000000)
  eden space 13824K, 100% used [0x00000000eab00000,0x00000000eb880000,0x00000000eb880000)
  from space 4096K, 95% used [0x00000000eb880000,0x00000000ebc50ad0,0x00000000ebc80000)
  to   space 5632K, 0% used [0x00000000ebe00000,0x00000000ebe00000,0x00000000ec380000)
 ParOldGen       total 75776K, used 75703K [0x00000000c0000000, 0x00000000c4a00000, 0x00000000eab00000)
  object space 75776K, 99% used [0x00000000c0000000,0x00000000c49edc00,0x00000000c4a00000)
 Metaspace       used 53402K, committed 54592K, reserved 1114112K
  class space    used 5677K, committed 6272K, reserved 1048576K
}
Event: 33.403 GC heap after
{Heap after GC invocations=38 (full 2):
 PSYoungGen      total 17408K, used 3295K [0x00000000eab00000, 0x00000000ec180000, 0x0000000100000000)
  eden space 13824K, 0% used [0x00000000eab00000,0x00000000eab00000,0x00000000eb880000)
  from space 3584K, 91% used [0x00000000ebe00000,0x00000000ec137de8,0x00000000ec180000)
  to   space 4096K, 0% used [0x00000000eb980000,0x00000000eb980000,0x00000000ebd80000)
 ParOldGen       total 79360K, used 79289K [0x00000000c0000000, 0x00000000c4d80000, 0x00000000eab00000)
  object space 79360K, 99% used [0x00000000c0000000,0x00000000c4d6e7b0,0x00000000c4d80000)
 Metaspace       used 53402K, committed 54592K, reserved 1114112K
  class space    used 5677K, committed 6272K, reserved 1048576K
}
Event: 35.917 GC heap before
{Heap before GC invocations=39 (full 2):
 PSYoungGen      total 17408K, used 17119K [0x00000000eab00000, 0x00000000ec180000, 0x0000000100000000)
  eden space 13824K, 100% used [0x00000000eab00000,0x00000000eb880000,0x00000000eb880000)
  from space 3584K, 91% used [0x00000000ebe00000,0x00000000ec137de8,0x00000000ec180000)
  to   space 4096K, 0% used [0x00000000eb980000,0x00000000eb980000,0x00000000ebd80000)
 ParOldGen       total 79360K, used 79289K [0x00000000c0000000, 0x00000000c4d80000, 0x00000000eab00000)
  object space 79360K, 99% used [0x00000000c0000000,0x00000000c4d6e7b0,0x00000000c4d80000)
 Metaspace       used 53479K, committed 54720K, reserved 1114112K
  class space    used 5680K, committed 6272K, reserved 1048576K
}

